Arguments: 
  /usr/local/bin/node /usr/local/bin/yarn start

PATH: 
  /Users/waiphyoaung/.rbenv/shims:/Users/waiphyoaung/.local/share/nvim/mason/bin:/Users/waiphyoaung/.rvm/gems/ruby-2.7.6/bin:/Users/waiphyoaung/.rvm/gems/ruby-2.7.6@global/bin:/Users/waiphyoaung/.rvm/rubies/ruby-2.7.6/bin:/Users/waiphyoaung/.rbenv/shims:/opt/homebrew/bin:/opt/homebrew/sbin:/usr/local/bin:/System/Cryptexes/App/usr/bin:/usr/bin:/bin:/usr/sbin:/sbin:/Library/Apple/usr/bin:/Users/waiphyoaung/Library/Android/sdk/emulator:/Users/waiphyoaung/Library/Android/sdk/platform-tools:/Users/waiphyoaung/.rvm/bin:/Users/waiphyoaung/Library/Android/sdk/emulator:/Users/waiphyoaung/Library/Android/sdk/platform-tools

Yarn version: 
  1.22.19

Node version: 
  18.13.0

Platform: 
  darwin arm64

Trace: 
  SyntaxError: /Users/waiphyoaung/wpa/current_project/demo_chatapp/package.json: Unexpected string in JSON at position 92
      at JSON.parse (<anonymous>)
      at /usr/local/lib/node_modules/yarn/lib/cli.js:1629:59
      at Generator.next (<anonymous>)
      at step (/usr/local/lib/node_modules/yarn/lib/cli.js:310:30)
      at /usr/local/lib/node_modules/yarn/lib/cli.js:321:13

npm manifest: 
  {
    "name": "demo_chatapp",
    "version": "1.0.0",
    "description": "",
    "type": "module"
    "main": "index.js",
    "scripts": {
      "test": "echo \"Error: no test specified\" && exit 1",
      "start": "nodemon server/server.js"
    },
    "keywords": [],
    "author": "",
    "license": "ISC",
    "dependencies": {
      "dotenv": "^16.0.3",
      "express": "^4.18.2"
    }
  }

yarn manifest: 
  No manifest

Lockfile: 
  No lockfile
